<?xml version="1.0" encoding="UTF-8"?>
<!-- Generated by org.testng.reporters.JUnitXMLReporter -->
<testsuite ignored="0" hostname="Thinktime" failures="1" tests="1" name="Default test" time="102.276" errors="0" timestamp="2025-04-29T11:06:11 IST">
  <testcase classname="io.cucumber.testng.AbstractTestNGCucumberTests" name="runScenario" time="92.165">
    <failure type="org.openqa.selenium.TimeoutException" message="Expected condition failed: waiting for title to be &amp;quot;Purchased courses list | Learntastic&amp;quot;. Current title: &amp;quot;| Learntastic&amp;quot; (tried for 20 second(s) with 500 milliseconds interval)
Build info: version: &amp;apos;4.12.1&amp;apos;, revision: &amp;apos;8e34639b11&amp;apos;
System info: os.name: &amp;apos;Windows 11&amp;apos;, os.arch: &amp;apos;amd64&amp;apos;, os.version: &amp;apos;10.0&amp;apos;, java.version: &amp;apos;17.0.12&amp;apos;
Driver info: jdk.proxy2.$Proxy60">
      <![CDATA[org.openqa.selenium.TimeoutException: Expected condition failed: waiting for title to be "Purchased courses list | Learntastic". Current title: "| Learntastic" (tried for 20 second(s) with 500 milliseconds interval)
Build info: version: '4.12.1', revision: '8e34639b11'
System info: os.name: 'Windows 11', os.arch: 'amd64', os.version: '10.0', java.version: '17.0.12'
Driver info: jdk.proxy2.$Proxy60
at org.openqa.selenium.support.ui.WebDriverWait.timeoutException(WebDriverWait.java:84)
at org.openqa.selenium.support.ui.FluentWait.until(FluentWait.java:230)
at com.thinktimetechno.keywords.WebUI.verifyPageTitleContains(WebUI.java:80)
at com.thinktimetechno.projects.website.pages.DashboardPage.verifypurchasecoursePageDisplays(DashboardPage.java:35)
at com.thinktimetechno.projects.website.stepdefinitions.SingleUser.Single_User_StepDefinitions.user_lands_on_the_purchasecourse_page(Single_User_StepDefinitions.java:602)
at âœ½.User lands on Purchased courses list Page(file:///D:/Workspace/Learntastic-main/src/test/resources/features/SingleUser/SU_TC_18%20Purchase%20wallet%20card%20with%20virtual%20review%20session%20add-ons.feature:72)
]]>
    </failure>
  </testcase> <!-- runScenario -->
</testsuite> <!-- Default test -->
