<!DOCTYPE html PUBLIC "-//W3C//DTD XHTML 1.1//EN" "https://www.w3.org/TR/xhtml11/DTD/xhtml11.dtd">
<html xmlns="https://www.w3.org/1999/xhtml">
<head>
<meta http-equiv="content-type" content="text/html; charset=UTF-8"/>
<title>TestNG Report</title>
<style type="text/css">table {margin-bottom:10px;border-collapse:collapse;empty-cells:show}th,td {border:1px solid #009;padding:.25em .5em}th {vertical-align:bottom}td {vertical-align:top}table a {font-weight:bold}.stripe td {background-color: #E6EBF9}.num {text-align:right}.passedodd td {background-color: #3F3}.passedeven td {background-color: #0A0}.skippedodd td {background-color: #DDD}.skippedeven td {background-color: #CCC}.failedodd td,.attn {background-color: #F33}.failedeven td,.stripe .attn {background-color: #D00}.stacktrace {white-space:pre;font-family:monospace}.totop {font-size:85%;text-align:center;border-bottom:2px solid #000}.invisible {display:none}</style>
</head>
<body>
<table>
<tr><th>Test</th><th># Passed</th><th># Skipped</th><th># Retried</th><th># Failed</th><th>Time (ms)</th><th>Included Groups</th><th>Excluded Groups</th></tr>
<tr><th colspan="8">CucumberSuite</th></tr>
<tr><td><a href="#t0">CucumberFeatureTest</a></td><td class="num">25</td><td class="num">0</td><td class="num">0</td><td class="num attn">8</td><td class="num">1,018,849</td><td></td><td></td></tr>
</table>
<table id='summary'><thead><tr><th>Class</th><th>Method</th><th>Start</th><th>Time (ms)</th></tr></thead><tbody><tr><th colspan="4">CucumberSuite</th></tr></tbody><tbody id="t0"><tr><th colspan="4">CucumberFeatureTest &#8212; failed</th></tr><tr class="failedeven"><td rowspan="8">com.thinktimetechno.runners.FullTest.FullTestRunner</td><td><a href="#m0">runScenario</a></td><td rowspan="8">1745413001812</td><td rowspan="8">38158</td></tr><tr class="failedeven"><td><a href="#m1">runScenario</a></td></tr><tr class="failedeven"><td><a href="#m2">runScenario</a></td></tr><tr class="failedeven"><td><a href="#m3">runScenario</a></td></tr><tr class="failedeven"><td><a href="#m4">runScenario</a></td></tr><tr class="failedeven"><td><a href="#m5">runScenario</a></td></tr><tr class="failedeven"><td><a href="#m6">runScenario</a></td></tr><tr class="failedeven"><td><a href="#m7">runScenario</a></td></tr><tr><th colspan="4">CucumberFeatureTest &#8212; passed</th></tr><tr class="passedeven"><td rowspan="25">com.thinktimetechno.runners.FullTest.FullTestRunner</td><td><a href="#m8">runScenario</a></td><td rowspan="25">1745412608947</td><td rowspan="25">12456</td></tr><tr class="passedeven"><td><a href="#m9">runScenario</a></td></tr><tr class="passedeven"><td><a href="#m10">runScenario</a></td></tr><tr class="passedeven"><td><a href="#m11">runScenario</a></td></tr><tr class="passedeven"><td><a href="#m12">runScenario</a></td></tr><tr class="passedeven"><td><a href="#m13">runScenario</a></td></tr><tr class="passedeven"><td><a href="#m14">runScenario</a></td></tr><tr class="passedeven"><td><a href="#m15">runScenario</a></td></tr><tr class="passedeven"><td><a href="#m16">runScenario</a></td></tr><tr class="passedeven"><td><a href="#m17">runScenario</a></td></tr><tr class="passedeven"><td><a href="#m18">runScenario</a></td></tr><tr class="passedeven"><td><a href="#m19">runScenario</a></td></tr><tr class="passedeven"><td><a href="#m20">runScenario</a></td></tr><tr class="passedeven"><td><a href="#m21">runScenario</a></td></tr><tr class="passedeven"><td><a href="#m22">runScenario</a></td></tr><tr class="passedeven"><td><a href="#m23">runScenario</a></td></tr><tr class="passedeven"><td><a href="#m24">runScenario</a></td></tr><tr class="passedeven"><td><a href="#m25">runScenario</a></td></tr><tr class="passedeven"><td><a href="#m26">runScenario</a></td></tr><tr class="passedeven"><td><a href="#m27">runScenario</a></td></tr><tr class="passedeven"><td><a href="#m28">runScenario</a></td></tr><tr class="passedeven"><td><a href="#m29">runScenario</a></td></tr><tr class="passedeven"><td><a href="#m30">runScenario</a></td></tr><tr class="passedeven"><td><a href="#m31">runScenario</a></td></tr><tr class="passedeven"><td><a href="#m32">runScenario</a></td></tr></tbody>
</table>
<h2>CucumberFeatureTest</h2><h3 id="m0">com.thinktimetechno.runners.FullTest.FullTestRunner#runScenario</h3><table class="result"><tr class="param"><th>Parameter #1</th><th>Parameter #2</th></tr><tr class="param stripe"><td>&quot;TC_12 SU_TC12_Quiz_Reattempt_Passed&quot;</td><td>&quot;SU_TC12_Quiz_Reattempt_Passed&quot;</td></tr><tr><th colspan="2">Exception</th></tr><tr><td colspan="2"><div class="stacktrace">java.lang.ArrayIndexOutOfBoundsException: Index 1 out of bounds for length 1
	at com.thinktimetechno.projects.website.pages.QuizPage.question_and_wronganswer(QuizPage.java:139)
	at com.thinktimetechno.projects.website.stepdefinitions.SingleUser.Single_User_StepDefinitions.user_attends_all_the_wrongquestions(Single_User_StepDefinitions.java:438)
	at ✽.User attends all the 20 questions with some wrong answer(file:///D:/Workspace/AHCA/src/test/resources/features/SingleUser/SU_TC_12%20Quiz%20Reattempt%20Passed.feature:32)
</div></td></tr></table><p class="totop"><a href="#summary">back to summary</a></p>
<h3 id="m1">com.thinktimetechno.runners.FullTest.FullTestRunner#runScenario</h3><table class="result"><tr class="param"><th>Parameter #1</th><th>Parameter #2</th></tr><tr class="param stripe"><td>&quot;TC_16 Verify if the user can purchase course with add-ons&quot;</td><td>&quot;SU_TC16_Verify_if_the_user_can_purchase_course_with_add-ons&quot;</td></tr><tr><th colspan="2">Exception</th></tr><tr><td colspan="2"><div class="stacktrace">java.lang.ArrayIndexOutOfBoundsException: Index 1 out of bounds for length 1
	at com.thinktimetechno.projects.website.pages.QuizPage.question_and_answer(QuizPage.java:107)
	at com.thinktimetechno.projects.website.stepdefinitions.SingleUser.Single_User_StepDefinitions.user_attends_all_the_questions(Single_User_StepDefinitions.java:428)
	at ✽.User attends all the 20 questions(file:///D:/Workspace/AHCA/src/test/resources/features/SingleUser/SU_TC_16%20Verify%20if%20the%20user%20can%20purchase%20course%20with%20add-ons.feature:32)
</div></td></tr></table><p class="totop"><a href="#summary">back to summary</a></p>
<h3 id="m2">com.thinktimetechno.runners.FullTest.FullTestRunner#runScenario</h3><table class="result"><tr class="param"><th>Parameter #1</th><th>Parameter #2</th></tr><tr class="param stripe"><td>&quot;TC13_Register_with_Group_Code&quot;</td><td>&quot;SU_TC13_Register_with_Group_Code&quot;</td></tr><tr><th colspan="2">Exception</th></tr><tr><td colspan="2"><div class="stacktrace">org.openqa.selenium.TimeoutException: Expected condition failed: waiting for title to contain &quot;Welcome - American Health Care Academy&quot;. Current title: &quot;Register - American Health Care Academy&quot; (tried for 30 second(s) with 500 milliseconds interval)
Build info: version: &apos;4.12.1&apos;, revision: &apos;8e34639b11&apos;
System info: os.name: &apos;Windows 11&apos;, os.arch: &apos;amd64&apos;, os.version: &apos;10.0&apos;, java.version: &apos;17.0.12&apos;
Driver info: jdk.proxy2.$Proxy57
	at org.openqa.selenium.support.ui.WebDriverWait.timeoutException(WebDriverWait.java:84)
	at org.openqa.selenium.support.ui.FluentWait.until(FluentWait.java:230)
	at com.thinktimetechno.projects.website.pages.DashboardPage.verifyDashboardPageDisplays(DashboardPage.java:25)
	at com.thinktimetechno.projects.website.stepdefinitions.SingleUser.Single_User_StepDefinitions.the_user_should_redirected_to_the_dashboard(Single_User_StepDefinitions.java:208)
	at ✽.User should redirected to the dashboard Page(file:///D:/Workspace/AHCA/src/test/resources/features/SingleUser/SU_TC_13%20Registration%20with%20Group%20Code.feature:19)
</div></td></tr></table><p class="totop"><a href="#summary">back to summary</a></p>
<h3 id="m3">com.thinktimetechno.runners.FullTest.FullTestRunner#runScenario</h3><table class="result"><tr class="param"><th>Parameter #1</th><th>Parameter #2</th></tr><tr class="param stripe"><td>&quot;TC_18 Purchase wallet card and virtual review session add-ons&quot;</td><td>&quot;SU_TC_18_Purchase_walletcard_and_virtual_review_session_add-ons&quot;</td></tr><tr><th colspan="2">Exception</th></tr><tr><td colspan="2"><div class="stacktrace">java.lang.AssertionError: Element not exist. By.xpath: //h2[contains(text(),&apos;Do you need a Blended Hands-on Training?&apos;)]
	at com.thinktimetechno.keywords.WebUI.waitForElementPresent(WebUI.java:2509)
	at com.thinktimetechno.keywords.WebUI.waitForElementVisible(WebUI.java:2417)
	at com.thinktimetechno.projects.website.pages.BillingPage.verify_handsonkit_PageDisplays(BillingPage.java:58)
	at com.thinktimetechno.projects.website.stepdefinitions.SingleUser.Single_User_StepDefinitions.user_lands_on_handson_kirpage(Single_User_StepDefinitions.java:398)
	at ✽.User lands on the Hands-on Kit Page(file:///D:/Workspace/AHCA/src/test/resources/features/SingleUser/SU_TC_18%20Purchase%20wallet%20card%20with%20virtual%20review%20session%20add-ons.feature:66)
... Removed 1 stack frames</div></td></tr></table><p class="totop"><a href="#summary">back to summary</a></p>
<h3 id="m4">com.thinktimetechno.runners.FullTest.FullTestRunner#runScenario</h3><table class="result"><tr class="param"><th>Parameter #1</th><th>Parameter #2</th></tr><tr class="param stripe"><td>&quot;TC_14 Register to the website(Quiz_Register_Payment)&quot;</td><td>&quot;SU_TC_14_Register_to_the_website(Quiz_Register_Payment)&quot;</td></tr><tr><th colspan="2">Exception</th></tr><tr><td colspan="2"><div class="stacktrace">org.openqa.selenium.TimeoutException: Expected condition failed: waiting for title to be &quot;Lifetime | Register - American Health Care Academy&quot;. Current title: &quot;Payment | Register - American Health Care Academy&quot; (tried for 20 second(s) with 500 milliseconds interval)
Build info: version: &apos;4.12.1&apos;, revision: &apos;8e34639b11&apos;
System info: os.name: &apos;Windows 11&apos;, os.arch: &apos;amd64&apos;, os.version: &apos;10.0&apos;, java.version: &apos;17.0.12&apos;
Driver info: jdk.proxy2.$Proxy57
	at org.openqa.selenium.support.ui.WebDriverWait.timeoutException(WebDriverWait.java:84)
	at org.openqa.selenium.support.ui.FluentWait.until(FluentWait.java:230)
	at com.thinktimetechno.keywords.WebUI.verifyPageTitleContains(WebUI.java:2542)
	at com.thinktimetechno.projects.website.pages.DashboardPage.verifyContinuousEducationPageDisplays(DashboardPage.java:30)
	at com.thinktimetechno.projects.website.stepdefinitions.SingleUser.Single_User_StepDefinitions.user_lands_on_the_continuous_education_credits_and_course_renewal_page(Single_User_StepDefinitions.java:587)
	at ✽.User lands on the Continuous Education Credits and Course Renewal Page(file:///D:/Workspace/AHCA/src/test/resources/features/SingleUser/SU_TC_14%20Register%20to%20the%20website(Quiz_Register_Payment).feature:55)
</div></td></tr></table><p class="totop"><a href="#summary">back to summary</a></p>
<h3 id="m5">com.thinktimetechno.runners.FullTest.FullTestRunner#runScenario</h3><table class="result"><tr class="param"><th>Parameter #1</th><th>Parameter #2</th></tr><tr class="param stripe"><td>&quot;TC_11 Take Quiz (failed in quiz)&quot;</td><td>&quot;SU_TC11_Take_Quiz_failed_in_quiz&quot;</td></tr><tr><th colspan="2">Exception</th></tr><tr><td colspan="2"><div class="stacktrace">java.lang.ArrayIndexOutOfBoundsException: Index 1 out of bounds for length 1
	at com.thinktimetechno.projects.website.pages.QuizPage.question_and_wronganswer(QuizPage.java:139)
	at com.thinktimetechno.projects.website.stepdefinitions.SingleUser.Single_User_StepDefinitions.user_attends_all_the_wrongquestions(Single_User_StepDefinitions.java:438)
	at ✽.User attends all the 20 questions with some wrong answer(file:///D:/Workspace/AHCA/src/test/resources/features/SingleUser/SU_TC_11%20Take%20Quiz(failed%20in%20quiz).feature:32)
</div></td></tr></table><p class="totop"><a href="#summary">back to summary</a></p>
<h3 id="m6">com.thinktimetechno.runners.FullTest.FullTestRunner#runScenario</h3><table class="result"><tr class="param"><th>Parameter #1</th><th>Parameter #2</th></tr><tr class="param stripe"><td>&quot;C_TC_11_Invite_Employee_in_bulk&quot;</td><td>&quot;C_TC_11_Invite_Employee_in_bulk&quot;</td></tr><tr><th colspan="2">Exception</th></tr><tr><td colspan="2"><div class="stacktrace">org.openqa.selenium.ElementClickInterceptedException: element click intercepted: Element &lt;button data-role=&quot;none&quot; class=&quot;btn-large btn-default&quot; id=&quot;submit-assign-course&quot; type=&quot;button&quot; onclick=&quot;sendInvitation()&quot;&gt;...&lt;/button&gt; is not clickable at point (2274, 989). Other element would receive the click: &lt;div id=&quot;select2-drop-mask&quot; class=&quot;select2-drop-mask&quot; style=&quot;&quot;&gt;&lt;/div&gt;
  (Session info: chrome=135.0.7049.96)
Build info: version: &apos;4.12.1&apos;, revision: &apos;8e34639b11&apos;
System info: os.name: &apos;Windows 11&apos;, os.arch: &apos;amd64&apos;, os.version: &apos;10.0&apos;, java.version: &apos;17.0.12&apos;
Driver info: org.openqa.selenium.chrome.ChromeDriver
Command: [f491774a7bd819bb102f6cb90df7a80c, clickElement {id=f.B9CE3690A3CF0C42DFC96F210565AA49.d.699D72BF35085190CC2C51313FF51EE8.e.533}]
Capabilities {acceptInsecureCerts: false, browserName: chrome, browserVersion: 135.0.7049.96, chrome: {chromedriverVersion: 135.0.7049.97 (b41307079c9b..., userDataDir: C:\Users\rithi\AppData\Loca...}, fedcm:accounts: true, goog:chromeOptions: {debuggerAddress: localhost:60597}, networkConnectionEnabled: false, pageLoadStrategy: normal, platformName: windows, proxy: Proxy(), se:cdp: ws://localhost:60597/devtoo..., se:cdpVersion: 135.0.7049.96, setWindowRect: true, strictFileInteractability: false, timeouts: {implicit: 0, pageLoad: 300000, script: 30000}, unhandledPromptBehavior: dismiss and notify, webauthn:extension:credBlob: true, webauthn:extension:largeBlob: true, webauthn:extension:minPinLength: true, webauthn:extension:prf: true, webauthn:virtualAuthenticators: true}
Element: [[ChromeDriver: chrome on windows (f491774a7bd819bb102f6cb90df7a80c)] -&gt; xpath: //button[contains(text(),&apos;Next&apos;)]]
Session ID: f491774a7bd819bb102f6cb90df7a80c
	at org.openqa.selenium.remote.codec.w3c.W3CHttpResponseCodec.createException(W3CHttpResponseCodec.java:200)
	at org.openqa.selenium.remote.codec.w3c.W3CHttpResponseCodec.decode(W3CHttpResponseCodec.java:133)
	at org.openqa.selenium.remote.codec.w3c.W3CHttpResponseCodec.decode(W3CHttpResponseCodec.java:52)
	at org.openqa.selenium.remote.HttpCommandExecutor.execute(HttpCommandExecutor.java:191)
	at org.openqa.selenium.remote.service.DriverCommandExecutor.invokeExecute(DriverCommandExecutor.java:196)
	at org.openqa.selenium.remote.service.DriverCommandExecutor.execute(DriverCommandExecutor.java:171)
	at org.openqa.selenium.remote.RemoteWebDriver.execute(RemoteWebDriver.java:602)
	at org.openqa.selenium.remote.RemoteWebElement.execute(RemoteWebElement.java:224)
	at org.openqa.selenium.remote.RemoteWebElement.click(RemoteWebElement.java:77)
	at com.thinktimetechno.keywords.WebUI.clickElement(WebUI.java:2116)
	at com.thinktimetechno.projects.website.Multipages.CorporateLoginPage.click_nxt(CorporateLoginPage.java:151)
	at com.thinktimetechno.projects.website.stepdefinitions.CorporateUser.Corporate_StepDefinitions.group_user_tap_the_button1(Corporate_StepDefinitions.java:406)
	at ✽.GroupUser tap the Next button(file:///D:/Workspace/AHCA/src/test/resources/features/GroupUser/C_TC_11%20Invite%20Employee%20in%20bulk.feature:58)
... Removed 5 stack frames</div></td></tr></table><p class="totop"><a href="#summary">back to summary</a></p>
<h3 id="m7">com.thinktimetechno.runners.FullTest.FullTestRunner#runScenario</h3><table class="result"><tr class="param"><th>Parameter #1</th><th>Parameter #2</th></tr><tr class="param stripe"><td>&quot;SU_TC19_Certificate_download&quot;</td><td>&quot;SU_TC19_Certificate_download&quot;</td></tr><tr><th colspan="2">Exception</th></tr><tr><td colspan="2"><div class="stacktrace">java.lang.AssertionError: Element not exist. By.xpath: //h2[contains(text(),&apos;Do you need a Blended Hands-on Training?&apos;)]
	at com.thinktimetechno.keywords.WebUI.waitForElementPresent(WebUI.java:2509)
	at com.thinktimetechno.keywords.WebUI.waitForElementVisible(WebUI.java:2417)
	at com.thinktimetechno.projects.website.pages.BillingPage.verify_handsonkit_PageDisplays(BillingPage.java:58)
	at com.thinktimetechno.projects.website.stepdefinitions.SingleUser.Single_User_StepDefinitions.user_lands_on_handson_kirpage(Single_User_StepDefinitions.java:398)
	at ✽.User lands on the Hands-on Kit Page(file:///D:/Workspace/AHCA/src/test/resources/features/SingleUser/SU_TC_19%20Certificate%20Download.feature:66)
... Removed 1 stack frames</div></td></tr></table><p class="totop"><a href="#summary">back to summary</a></p>
<h3 id="m8">com.thinktimetechno.runners.FullTest.FullTestRunner#runScenario</h3><table class="result"><tr class="param"><th>Parameter #1</th><th>Parameter #2</th></tr><tr class="param stripe"><td>&quot;TC_08 Verify Forgot Password Functionality Using a Valid Registered Email Address&quot;</td><td>&quot;C_TC_08_Forgot_password_with_valid_registered_email&quot;</td></tr></table><p class="totop"><a href="#summary">back to summary</a></p>
<h3 id="m9">com.thinktimetechno.runners.FullTest.FullTestRunner#runScenario</h3><table class="result"><tr class="param"><th>Parameter #1</th><th>Parameter #2</th></tr><tr class="param stripe"><td>&quot;TC_01 Corporate Registration with Valid Details&quot;</td><td>&quot;C_TC_01_Corporate_Registration_with_Valid_Details&quot;</td></tr></table><p class="totop"><a href="#summary">back to summary</a></p>
<h3 id="m10">com.thinktimetechno.runners.FullTest.FullTestRunner#runScenario</h3><table class="result"><tr class="param"><th>Parameter #1</th><th>Parameter #2</th></tr><tr class="param stripe"><td>&quot;TC_06 Login with Invalid Username valid  Password&quot;</td><td>&quot;C_TC_06_login_invalid_username_valid_password&quot;</td></tr></table><p class="totop"><a href="#summary">back to summary</a></p>
<h3 id="m11">com.thinktimetechno.runners.FullTest.FullTestRunner#runScenario</h3><table class="result"><tr class="param"><th>Parameter #1</th><th>Parameter #2</th></tr><tr class="param stripe"><td>&quot;TC_06 Login with Valid Username Invalid  Password&quot;</td><td>&quot;SU_TC06_Login_with_Valid_Username_Invalid_Password&quot;</td></tr></table><p class="totop"><a href="#summary">back to summary</a></p>
<h3 id="m12">com.thinktimetechno.runners.FullTest.FullTestRunner#runScenario</h3><table class="result"><tr class="param"><th>Parameter #1</th><th>Parameter #2</th></tr><tr class="param stripe"><td>&quot;C_TC_13_Purchase Codes(select quantity below 5)&quot;</td><td>&quot;C_TC_13_Purchase Codes(select quantity below 5)&quot;</td></tr></table><p class="totop"><a href="#summary">back to summary</a></p>
<h3 id="m13">com.thinktimetechno.runners.FullTest.FullTestRunner#runScenario</h3><table class="result"><tr class="param"><th>Parameter #1</th><th>Parameter #2</th></tr><tr class="param stripe"><td>&quot;TC_02 Corporate Register(leaving one mandatory field blank)&quot;</td><td>&quot;C_TC_02_Register_with_leaving_one_mandatory_field_blank&quot;</td></tr></table><p class="totop"><a href="#summary">back to summary</a></p>
<h3 id="m14">com.thinktimetechno.runners.FullTest.FullTestRunner#runScenario</h3><table class="result"><tr class="param"><th>Parameter #1</th><th>Parameter #2</th></tr><tr class="param stripe"><td>&quot;TC_03 Corporate Register(with existing accounts credentials)&quot;</td><td>&quot;C_TC_03_Register_with_existing_accounts_credentials&quot;</td></tr></table><p class="totop"><a href="#summary">back to summary</a></p>
<h3 id="m15">com.thinktimetechno.runners.FullTest.FullTestRunner#runScenario</h3><table class="result"><tr class="param"><th>Parameter #1</th><th>Parameter #2</th></tr><tr class="param stripe"><td>&quot;C_TC_14_Export_Reports&quot;</td><td>&quot;C_TC_14_Export_Reports&quot;</td></tr></table><p class="totop"><a href="#summary">back to summary</a></p>
<h3 id="m16">com.thinktimetechno.runners.FullTest.FullTestRunner#runScenario</h3><table class="result"><tr class="param"><th>Parameter #1</th><th>Parameter #2</th></tr><tr class="param stripe"><td>&quot;TC_15 Registration with Valid Details and Course Completion&quot;</td><td>&quot;SU_TC15_User_can_make_payment_for_the_selected_course&quot;</td></tr></table><p class="totop"><a href="#summary">back to summary</a></p>
<h3 id="m17">com.thinktimetechno.runners.FullTest.FullTestRunner#runScenario</h3><table class="result"><tr class="param"><th>Parameter #1</th><th>Parameter #2</th></tr><tr class="param stripe"><td>&quot;TC_07 Login with Invalid Username Invalid  Password&quot;</td><td>&quot;C_TC_07_login_invalid_username_invalid_password&quot;</td></tr></table><p class="totop"><a href="#summary">back to summary</a></p>
<h3 id="m18">com.thinktimetechno.runners.FullTest.FullTestRunner#runScenario</h3><table class="result"><tr class="param"><th>Parameter #1</th><th>Parameter #2</th></tr><tr class="param stripe"><td>&quot;TC_05 Login with Valid Credentials&quot;</td><td>&quot;SU_TC05_login_valid_credentials&quot;</td></tr></table><p class="totop"><a href="#summary">back to summary</a></p>
<h3 id="m19">com.thinktimetechno.runners.FullTest.FullTestRunner#runScenario</h3><table class="result"><tr class="param"><th>Parameter #1</th><th>Parameter #2</th></tr><tr class="param stripe"><td>&quot;TC_02 Register(leaving one mandatory field blank)&quot;</td><td>&quot;SU_TC02_Register_with_leaving_one_mandatory_field_blank&quot;</td></tr></table><p class="totop"><a href="#summary">back to summary</a></p>
<h3 id="m20">com.thinktimetechno.runners.FullTest.FullTestRunner#runScenario</h3><table class="result"><tr class="param"><th>Parameter #1</th><th>Parameter #2</th></tr><tr class="param stripe"><td>&quot;TC_04 Login with Valid Credentials&quot;</td><td>&quot;C_TC_04_login_valid_credentials&quot;</td></tr></table><p class="totop"><a href="#summary">back to summary</a></p>
<h3 id="m21">com.thinktimetechno.runners.FullTest.FullTestRunner#runScenario</h3><table class="result"><tr class="param"><th>Parameter #1</th><th>Parameter #2</th></tr><tr class="param stripe"><td>&quot;TC_07 Login with Invalid Username valid  Password&quot;</td><td>&quot;SU_TC07_Login_with_InValid_Username_valid_Password&quot;</td></tr></table><p class="totop"><a href="#summary">back to summary</a></p>
<h3 id="m22">com.thinktimetechno.runners.FullTest.FullTestRunner#runScenario</h3><table class="result"><tr class="param"><th>Parameter #1</th><th>Parameter #2</th></tr><tr class="param stripe"><td>&quot;TC_09 Navigate to Reset Password Page&quot;</td><td>&quot;SU_TC09_Navigate_to_Reset_password_page&quot;</td></tr></table><p class="totop"><a href="#summary">back to summary</a></p>
<h3 id="m23">com.thinktimetechno.runners.FullTest.FullTestRunner#runScenario</h3><table class="result"><tr class="param"><th>Parameter #1</th><th>Parameter #2</th></tr><tr class="param stripe"><td>&quot;SU_TC10_store_purchase&quot;</td><td>&quot;SU_TC10_store_purchase&quot;</td></tr></table><p class="totop"><a href="#summary">back to summary</a></p>
<h3 id="m24">com.thinktimetechno.runners.FullTest.FullTestRunner#runScenario</h3><table class="result"><tr class="param"><th>Parameter #1</th><th>Parameter #2</th></tr><tr class="param stripe"><td>&quot;C_TC_12 Purchase Codes(select quantity above 5)&quot;</td><td>&quot;C_TC_12_Purchase Codes(select quantity above 5)&quot;</td></tr></table><p class="totop"><a href="#summary">back to summary</a></p>
<h3 id="m25">com.thinktimetechno.runners.FullTest.FullTestRunner#runScenario</h3><table class="result"><tr class="param"><th>Parameter #1</th><th>Parameter #2</th></tr><tr class="param stripe"><td>&quot;TC_17_Schedule_Virtual_HandsOn_Training&quot;</td><td>&quot;SU_TC_17_Schedule_Virtual_HandsOn_Training&quot;</td></tr></table><p class="totop"><a href="#summary">back to summary</a></p>
<h3 id="m26">com.thinktimetechno.runners.FullTest.FullTestRunner#runScenario</h3><table class="result"><tr class="param"><th>Parameter #1</th><th>Parameter #2</th></tr><tr class="param stripe"><td>&quot;TC_01 Registration with Valid Details&quot;</td><td>&quot;SU_TC01_Register_with_valid_credentials&quot;</td></tr></table><p class="totop"><a href="#summary">back to summary</a></p>
<h3 id="m27">com.thinktimetechno.runners.FullTest.FullTestRunner#runScenario</h3><table class="result"><tr class="param"><th>Parameter #1</th><th>Parameter #2</th></tr><tr class="param stripe"><td>&quot;TC_04 Navigate to Registration Page from Login Page&quot;</td><td>&quot;SU_TC04_Navigate_to_Registration_Page_from_Login_Page&quot;</td></tr></table><p class="totop"><a href="#summary">back to summary</a></p>
<h3 id="m28">com.thinktimetechno.runners.FullTest.FullTestRunner#runScenario</h3><table class="result"><tr class="param"><th>Parameter #1</th><th>Parameter #2</th></tr><tr class="param stripe"><td>&quot;TC_09 Verify Forgot Password Functionality Using a Non-Registered/Invalid Email Address&quot;</td><td>&quot;C_TC_09_Forgot_password_with_invalid_registered_email&quot;</td></tr></table><p class="totop"><a href="#summary">back to summary</a></p>
<h3 id="m29">com.thinktimetechno.runners.FullTest.FullTestRunner#runScenario</h3><table class="result"><tr class="param"><th>Parameter #1</th><th>Parameter #2</th></tr><tr class="param stripe"><td>&quot;TC_05 Login with Valid Username Invalid  Password&quot;</td><td>&quot;C_TC_05_login_valid_username_invalid_password&quot;</td></tr></table><p class="totop"><a href="#summary">back to summary</a></p>
<h3 id="m30">com.thinktimetechno.runners.FullTest.FullTestRunner#runScenario</h3><table class="result"><tr class="param"><th>Parameter #1</th><th>Parameter #2</th></tr><tr class="param stripe"><td>&quot;TC_10 Invite Employee&quot;</td><td>&quot;C_TC_10_Invite_Employee&quot;</td></tr></table><p class="totop"><a href="#summary">back to summary</a></p>
<h3 id="m31">com.thinktimetechno.runners.FullTest.FullTestRunner#runScenario</h3><table class="result"><tr class="param"><th>Parameter #1</th><th>Parameter #2</th></tr><tr class="param stripe"><td>&quot;TC_08 Login with Invalid Username Invalid  Password&quot;</td><td>&quot;SU_TC08_Login_with_InValid_Username_Invalid_Password&quot;</td></tr></table><p class="totop"><a href="#summary">back to summary</a></p>
<h3 id="m32">com.thinktimetechno.runners.FullTest.FullTestRunner#runScenario</h3><table class="result"><tr class="param"><th>Parameter #1</th><th>Parameter #2</th></tr><tr class="param stripe"><td>&quot;TC_03 Register(with existing accounts credentials)&quot;</td><td>&quot;SU_TC03_Register_with_existing_accounts_credentials&quot;</td></tr></table><p class="totop"><a href="#summary">back to summary</a></p>
</body>
</html>
